# JRE version: OpenJDK Runtime Environment Microsoft-11933218 (21.0.8+9) (build 21.0.8+9-LTS)
# Java VM: OpenJDK 64-Bit Server VM Microsoft-11933218 (21.0.8+9-LTS, mixed mode, sharing, tiered, compressed oops, compressed class ptrs, g1 gc, windows-amd64)
GC Precious Log:
 CardTable entry size: 512
 Card Set container configuration: InlinePtr #cards 5 size 8 Array Of Cards #cards 12 size 40 Howl #buckets 4 coarsen threshold 1843 Howl Bitmap #cards 512 size 80 coarsen threshold 460 Card regions per heap region 1 cards per card region 2048
 CPUs: 12 total, 12 available
 Memory: 32525M
 Large Page Support: Disabled
 NUMA Support: Disabled
 Compressed Oops: Enabled (32-bit)
 Heap Region Size: 1M
 Heap Min Capacity: 8M
 Heap Initial Capacity: 510M
 Heap Max Capacity: 1G
 Pre-touch: Disabled
 Parallel Workers: 10
 Concurrent Workers: 3
 Concurrent Refinement Workers: 10
 Periodic GC: Disabled
Heap:
 garbage-first heap   total 522240K, used 180575K [0x00000000c0000000, 0x0000000100000000)
  region size 1024K, 19 young (19456K), 19 survivors (19456K)
 Metaspace       used 10412K, committed 10688K, reserved 1114112K
  class space    used 1380K, committed 1536K, reserved 1048576K
GC Heap History (15 events):
Event: 0.280 GC heap before
{Heap before GC invocations=0 (full 0):
 garbage-first heap   total 522240K, used 33792K [0x00000000c0000000, 0x0000000100000000)
  region size 1024K, 25 young (25600K), 0 survivors (0K)
 Metaspace       used 3468K, committed 3584K, reserved 1114112K
  class space    used 366K, committed 448K, reserved 1048576K
}
Event: 0.283 GC heap after
{Heap after GC invocations=1 (full 0):
 garbage-first heap   total 522240K, used 9456K [0x00000000c0000000, 0x0000000100000000)
  region size 1024K, 4 young (4096K), 4 survivors (4096K)
 Metaspace       used 3468K, committed 3584K, reserved 1114112K
  class space    used 366K, committed 448K, reserved 1048576K
}
Event: 0.437 GC heap before
{Heap before GC invocations=1 (full 0):
 garbage-first heap   total 522240K, used 41200K [0x00000000c0000000, 0x0000000100000000)
  region size 1024K, 31 young (31744K), 4 survivors (4096K)
 Metaspace       used 5667K, committed 5888K, reserved 1114112K
  class space    used 641K, committed 768K, reserved 1048576K
}
Event: 0.441 GC heap after
{Heap after GC invocations=2 (full 0):
 garbage-first heap   total 522240K, used 16374K [0x00000000c0000000, 0x0000000100000000)
  region size 1024K, 4 young (4096K), 4 survivors (4096K)
 Metaspace       used 5667K, committed 5888K, reserved 1114112K
  class space    used 641K, committed 768K, reserved 1048576K
}
Event: 0.981 GC heap before
{Heap before GC invocations=2 (full 0):
 garbage-first heap   total 522240K, used 246774K [0x00000000c0000000, 0x0000000100000000)
  region size 1024K, 227 young (232448K), 4 survivors (4096K)
 Metaspace       used 7699K, committed 7936K, reserved 1114112K
  class space    used 960K, committed 1088K, reserved 1048576K
}
Event: 1.005 GC heap after
{Heap after GC invocations=3 (full 0):
 garbage-first heap   total 522240K, used 78613K [0x00000000c0000000, 0x0000000100000000)
  region size 1024K, 29 young (29696K), 29 survivors (29696K)
 Metaspace       used 7699K, committed 7936K, reserved 1114112K
  class space    used 960K, committed 1088K, reserved 1048576K
}
Event: 1.078 GC heap before
{Heap before GC invocations=3 (full 0):
 garbage-first heap   total 522240K, used 108309K [0x00000000c0000000, 0x0000000100000000)
  region size 1024K, 59 young (60416K), 29 survivors (29696K)
 Metaspace       used 7744K, committed 8000K, reserved 1114112K
  class space    used 961K, committed 1088K, reserved 1048576K
}
Event: 1.093 GC heap after
{Heap after GC invocations=4 (full 0):
 garbage-first heap   total 522240K, used 88576K [0x00000000c0000000, 0x0000000100000000)
  region size 1024K, 8 young (8192K), 8 survivors (8192K)
 Metaspace       used 7744K, committed 8000K, reserved 1114112K
  class space    used 961K, committed 1088K, reserved 1048576K
}
Event: 1.152 GC heap before
{Heap before GC invocations=4 (full 0):
 garbage-first heap   total 522240K, used 161280K [0x00000000c0000000, 0x0000000100000000)
  region size 1024K, 79 young (80896K), 8 survivors (8192K)
 Metaspace       used 7795K, committed 8064K, reserved 1114112K
  class space    used 964K, committed 1088K, reserved 1048576K
}
Event: 1.171 GC heap after
{Heap after GC invocations=5 (full 0):
 garbage-first heap   total 522240K, used 109056K [0x00000000c0000000, 0x0000000100000000)
  region size 1024K, 10 young (10240K), 10 survivors (10240K)
 Metaspace       used 7795K, committed 8064K, reserved 1114112K
  class space    used 964K, committed 1088K, reserved 1048576K
}
Event: 1.235 GC heap before
{Heap before GC invocations=5 (full 0):
 garbage-first heap   total 522240K, used 175616K [0x00000000c0000000, 0x0000000100000000)
  region size 1024K, 73 young (74752K), 10 survivors (10240K)
 Metaspace       used 7799K, committed 8064K, reserved 1114112K
  class space    used 964K, committed 1088K, reserved 1048576K
}
Event: 1.254 GC heap after
{Heap after GC invocations=6 (full 0):
 garbage-first heap   total 522240K, used 126976K [0x00000000c0000000, 0x0000000100000000)
  region size 1024K, 10 young (10240K), 10 survivors (10240K)
 Metaspace       used 7799K, committed 8064K, reserved 1114112K
  class space    used 964K, committed 1088K, reserved 1048576K
}
Event: 1.327 GC heap before
{Heap before GC invocations=6 (full 0):
 garbage-first heap   total 522240K, used 236544K [0x00000000c0000000, 0x0000000100000000)
  region size 1024K, 117 young (119808K), 10 survivors (10240K)
 Metaspace       used 7804K, committed 8064K, reserved 1114112K
  class space    used 964K, committed 1088K, reserved 1048576K
}
Event: 1.352 GC heap after
{Heap after GC invocations=7 (full 0):
 garbage-first heap   total 522240K, used 153158K [0x00000000c0000000, 0x0000000100000000)
  region size 1024K, 15 young (15360K), 15 survivors (15360K)
 Metaspace       used 7804K, committed 8064K, reserved 1114112K
  class space    used 964K, committed 1088K, reserved 1048576K
}
Event: 1.627 GC heap before
{Heap before GC invocations=7 (full 0):
 garbage-first heap   total 522240K, used 286278K [0x00000000c0000000, 0x0000000100000000)
  region size 1024K, 145 young (148480K), 15 survivors (15360K)
 Metaspace       used 10412K, committed 10688K, reserved 1114112K
  class space    used 1380K, committed 1536K, reserved 1048576K
}

